<?xml version="1.0" encoding="UTF-8"?>
<!-- Generated by org.testng.reporters.JUnitReportReporter -->
<testsuite hostname="DESKTOP-EVK9GMC" failures="0" tests="1" name="com.Ecommerce.SkillRrart.testScripts.Addtocart" time="15.694" errors="0" timestamp="31 Jan 2021 05:50:21 GMT" skipped="0">
  <testcase classname="com.Ecommerce.SkillRrart.testScripts.Addtocart" name="addingcart" time="15.694"/>
</testsuite> <!-- com.Ecommerce.SkillRrart.testScripts.Addtocart -->
